May 19, 2025 9:55:26 PM com.google.cloud.datastore.emulator.firestore.websocket.WebSocketServer start
INFO: Started WebSocket server on ws://127.0.0.1:9150
API endpoint: http://127.0.0.1:8080
If you are using a library that supports the FIRESTORE_EMULATOR_HOST environment variable, run:

   export FIRESTORE_EMULATOR_HOST=127.0.0.1:8080

If you are running a Firestore in Datastore Mode project, run:

   export DATASTORE_EMULATOR_HOST=127.0.0.1:8080

Note: Support for Datastore Mode is in preview. If you encounter any bugs please file at https://github.com/firebase/firebase-tools/issues.
Dev App Server is now running.

May 19, 2025 9:57:35 PM com.google.cloud.datastore.emulator.firestore.websocket.WebSocketChannelHandler initChannel
INFO: Connected to new websocket client
May 19, 2025 9:57:35 PM io.gapi.emulators.netty.HttpVersionRoutingHandler channelRead
INFO: Detected non-HTTP/2 connection.
May 19, 2025 9:57:35 PM io.gapi.emulators.netty.HttpVersionRoutingHandler channelRead
INFO: Detected HTTP/2 connection.
May 19, 2025 9:57:36 PM com.google.cloud.datastore.emulator.impl.util.WrappedStreamObserver onError
WARNING: Operation failed: Error compiling rules:
L8:68 Unexpected '='.
L8:68 mismatched input '=' expecting {'&&', ':', '.', '==', '>', '>=', '[', '<', '<=', '-', '%', '!=', '||', '+', '/', '*', '?', 'in', 'is'}
L10:7 mismatched input 'let' expecting {'&&', ':', '.', '==', '>', '>=', '[', '<', '<=', '-', '%', '!=', '||', '+', '/', '*', '?', 'in', 'is'}
L11:9 Missing 'match' keyword before path.
L11:19 Forward slash '/' found where identifier or binding expected.
L11:20 mismatched input '$' expecting {'{', '/', PATH_SEGMENT}
L11:31 Missing 'match' keyword before path.
L11:50 mismatched input '?' expecting {'{', '/', PATH_SEGMENT}
L47:1 Unexpected '}'.
com.google.cloud.datastore.core.exception.DatastoreException: Error compiling rules:
L8:68 Unexpected '='.
L8:68 mismatched input '=' expecting {'&&', ':', '.', '==', '>', '>=', '[', '<', '<=', '-', '%', '!=', '||', '+', '/', '*', '?', 'in', 'is'}
L10:7 mismatched input 'let' expecting {'&&', ':', '.', '==', '>', '>=', '[', '<', '<=', '-', '%', '!=', '||', '+', '/', '*', '?', 'in', 'is'}
L11:9 Missing 'match' keyword before path.
L11:19 Forward slash '/' found where identifier or binding expected.
L11:20 mismatched input '$' expecting {'{', '/', PATH_SEGMENT}
L11:31 Missing 'match' keyword before path.
L11:50 mismatched input '?' expecting {'{', '/', PATH_SEGMENT}
L47:1 Unexpected '}'.
	at com.google.cloud.datastore.emulator.impl.rules.EmulatorRulesCompiler$CompilerException.asDatastoreException(EmulatorRulesCompiler.java:120)
	at com.google.cloud.datastore.emulator.impl.rules.EmulatorRulesCompiler$EmulatorCompilationResult.checkCompilationSucceeded(EmulatorRulesCompiler.java:79)
	at com.google.cloud.datastore.emulator.impl.rules.EmulatorRulesCompiler$EmulatorCompilationResult.getAuthorizer(EmulatorRulesCompiler.java:72)
	at com.google.cloud.datastore.emulator.impl.firestore.CloudFirestoreV1.listCollectionIds(CloudFirestoreV1.java:766)
	at com.google.cloud.datastore.emulator.impl.firestore.CloudFirestoreV1Router.listCollectionIds(CloudFirestoreV1Router.java:231)
	at com.google.cloud.datastore.emulator.firestore.v1.FirestoreV1GrpcAdapter$1.lambda$listCollectionIds$13(FirestoreV1GrpcAdapter.java:210)
	at com.google.cloud.datastore.emulator.firestore.v1.FirestoreV1GrpcAdapter.unary(FirestoreV1GrpcAdapter.java:72)
	at com.google.cloud.datastore.emulator.firestore.v1.FirestoreV1GrpcAdapter$1.listCollectionIds(FirestoreV1GrpcAdapter.java:210)
	at com.google.firestore.v1.FirestoreGrpc$MethodHandlers.invoke(FirestoreGrpc.java:1258)
	at io.grpc.stub.ServerCalls$UnaryServerCallHandler$UnaryServerCallListener.onHalfClose(ServerCalls.java:182)
	at io.grpc.PartialForwardingServerCallListener.onHalfClose(PartialForwardingServerCallListener.java:35)
	at io.grpc.ForwardingServerCallListener.onHalfClose(ForwardingServerCallListener.java:23)
	at io.grpc.ForwardingServerCallListener$SimpleForwardingServerCallListener.onHalfClose(ForwardingServerCallListener.java:40)
	at io.grpc.Contexts$ContextualizedServerCallListener.onHalfClose(Contexts.java:86)
	at io.grpc.PartialForwardingServerCallListener.onHalfClose(PartialForwardingServerCallListener.java:35)
	at io.grpc.ForwardingServerCallListener.onHalfClose(ForwardingServerCallListener.java:23)
	at io.grpc.ForwardingServerCallListener$SimpleForwardingServerCallListener.onHalfClose(ForwardingServerCallListener.java:40)
	at io.grpc.Contexts$ContextualizedServerCallListener.onHalfClose(Contexts.java:86)
	at io.grpc.internal.ServerCallImpl$ServerStreamListenerImpl.halfClosed(ServerCallImpl.java:356)
	at io.grpc.internal.ServerImpl$JumpToApplicationThreadServerStreamListener$1HalfClosed.runInContext(ServerImpl.java:861)
	at io.grpc.internal.ContextRunnable.run(ContextRunnable.java:37)
	at io.grpc.internal.SerializingExecutor.run(SerializingExecutor.java:133)
	at java.base/java.util.concurrent.ThreadPoolExecutor.runWorker(ThreadPoolExecutor.java:1136)
	at java.base/java.util.concurrent.ThreadPoolExecutor$Worker.run(ThreadPoolExecutor.java:635)
	at java.base/java.lang.Thread.run(Thread.java:840)
Caused by: com.google.cloud.datastore.emulator.impl.rules.AutoValue_EmulatorRulesCompiler_CompilerException
	at com.google.cloud.datastore.emulator.impl.rules.EmulatorRulesCompiler$CompilerException.of(EmulatorRulesCompiler.java:106)
	... 24 more

May 19, 2025 9:57:36 PM io.gapi.emulators.netty.HttpHandler$1 onError
INFO: Exception when handling request: INVALID_ARGUMENT: Error compiling rules:
L8:68 Unexpected '='.
L8:68 mismatched input '=' expecting {'&&', ':', '.', '==', '>', '>=', '[', '<', '<=', '-', '%', '!=', '||', '+', '/', '*', '?', 'in', 'is'}
L10:7 mismatched input 'let' expecting {'&&', ':', '.', '==', '>', '>=', '[', '<', '<=', '-', '%', '!=', '||', '+', '/', '*', '?', 'in', 'is'}
L11:9 Missing 'match' keyword before path.
L11:19 Forward slash '/' found where identifier or binding expected.
L11:20 mismatched input '$' expecting {'{', '/', PATH_SEGMENT}
L11:31 Missing 'match' keyword before path.
L11:50 mismatched input '?' expecting {'{', '/', PATH_SEGMENT}
L47:1 Unexpected '}'.
May 19, 2025 9:57:46 PM com.google.cloud.datastore.emulator.impl.util.WrappedStreamObserver onError
WARNING: Operation failed: Error compiling rules:
L8:68 Unexpected '='.
L8:68 mismatched input '=' expecting {'&&', ':', '.', '==', '>', '>=', '[', '<', '<=', '-', '%', '!=', '||', '+', '/', '*', '?', 'in', 'is'}
L10:7 mismatched input 'let' expecting {'&&', ':', '.', '==', '>', '>=', '[', '<', '<=', '-', '%', '!=', '||', '+', '/', '*', '?', 'in', 'is'}
L11:9 Missing 'match' keyword before path.
L11:19 Forward slash '/' found where identifier or binding expected.
L11:20 mismatched input '$' expecting {'{', '/', PATH_SEGMENT}
L11:31 Missing 'match' keyword before path.
L11:50 mismatched input '?' expecting {'{', '/', PATH_SEGMENT}
L47:1 Unexpected '}'.
com.google.cloud.datastore.core.exception.DatastoreException: Error compiling rules:
L8:68 Unexpected '='.
L8:68 mismatched input '=' expecting {'&&', ':', '.', '==', '>', '>=', '[', '<', '<=', '-', '%', '!=', '||', '+', '/', '*', '?', 'in', 'is'}
L10:7 mismatched input 'let' expecting {'&&', ':', '.', '==', '>', '>=', '[', '<', '<=', '-', '%', '!=', '||', '+', '/', '*', '?', 'in', 'is'}
L11:9 Missing 'match' keyword before path.
L11:19 Forward slash '/' found where identifier or binding expected.
L11:20 mismatched input '$' expecting {'{', '/', PATH_SEGMENT}
L11:31 Missing 'match' keyword before path.
L11:50 mismatched input '?' expecting {'{', '/', PATH_SEGMENT}
L47:1 Unexpected '}'.
	at com.google.cloud.datastore.emulator.impl.rules.EmulatorRulesCompiler$CompilerException.asDatastoreException(EmulatorRulesCompiler.java:120)
	at com.google.cloud.datastore.emulator.impl.rules.EmulatorRulesCompiler$EmulatorCompilationResult.checkCompilationSucceeded(EmulatorRulesCompiler.java:79)
	at com.google.cloud.datastore.emulator.impl.rules.EmulatorRulesCompiler$EmulatorCompilationResult.getAuthorizer(EmulatorRulesCompiler.java:72)
	at com.google.cloud.datastore.emulator.impl.firestore.CloudFirestoreV1.listCollectionIds(CloudFirestoreV1.java:766)
	at com.google.cloud.datastore.emulator.impl.firestore.CloudFirestoreV1Router.listCollectionIds(CloudFirestoreV1Router.java:231)
	at com.google.cloud.datastore.emulator.firestore.v1.FirestoreV1GrpcAdapter$1.lambda$listCollectionIds$13(FirestoreV1GrpcAdapter.java:210)
	at com.google.cloud.datastore.emulator.firestore.v1.FirestoreV1GrpcAdapter.unary(FirestoreV1GrpcAdapter.java:72)
	at com.google.cloud.datastore.emulator.firestore.v1.FirestoreV1GrpcAdapter$1.listCollectionIds(FirestoreV1GrpcAdapter.java:210)
	at com.google.firestore.v1.FirestoreGrpc$MethodHandlers.invoke(FirestoreGrpc.java:1258)
	at io.grpc.stub.ServerCalls$UnaryServerCallHandler$UnaryServerCallListener.onHalfClose(ServerCalls.java:182)
	at io.grpc.PartialForwardingServerCallListener.onHalfClose(PartialForwardingServerCallListener.java:35)
	at io.grpc.ForwardingServerCallListener.onHalfClose(ForwardingServerCallListener.java:23)
	at io.grpc.ForwardingServerCallListener$SimpleForwardingServerCallListener.onHalfClose(ForwardingServerCallListener.java:40)
	at io.grpc.Contexts$ContextualizedServerCallListener.onHalfClose(Contexts.java:86)
	at io.grpc.PartialForwardingServerCallListener.onHalfClose(PartialForwardingServerCallListener.java:35)
	at io.grpc.ForwardingServerCallListener.onHalfClose(ForwardingServerCallListener.java:23)
	at io.grpc.ForwardingServerCallListener$SimpleForwardingServerCallListener.onHalfClose(ForwardingServerCallListener.java:40)
	at io.grpc.Contexts$ContextualizedServerCallListener.onHalfClose(Contexts.java:86)
	at io.grpc.internal.ServerCallImpl$ServerStreamListenerImpl.halfClosed(ServerCallImpl.java:356)
	at io.grpc.internal.ServerImpl$JumpToApplicationThreadServerStreamListener$1HalfClosed.runInContext(ServerImpl.java:861)
	at io.grpc.internal.ContextRunnable.run(ContextRunnable.java:37)
	at io.grpc.internal.SerializingExecutor.run(SerializingExecutor.java:133)
	at java.base/java.util.concurrent.ThreadPoolExecutor.runWorker(ThreadPoolExecutor.java:1136)
	at java.base/java.util.concurrent.ThreadPoolExecutor$Worker.run(ThreadPoolExecutor.java:635)
	at java.base/java.lang.Thread.run(Thread.java:840)
Caused by: com.google.cloud.datastore.emulator.impl.rules.AutoValue_EmulatorRulesCompiler_CompilerException
	at com.google.cloud.datastore.emulator.impl.rules.EmulatorRulesCompiler$CompilerException.of(EmulatorRulesCompiler.java:106)
	... 24 more

May 19, 2025 9:57:46 PM io.gapi.emulators.netty.HttpHandler$1 onError
INFO: Exception when handling request: INVALID_ARGUMENT: Error compiling rules:
L8:68 Unexpected '='.
L8:68 mismatched input '=' expecting {'&&', ':', '.', '==', '>', '>=', '[', '<', '<=', '-', '%', '!=', '||', '+', '/', '*', '?', 'in', 'is'}
L10:7 mismatched input 'let' expecting {'&&', ':', '.', '==', '>', '>=', '[', '<', '<=', '-', '%', '!=', '||', '+', '/', '*', '?', 'in', 'is'}
L11:9 Missing 'match' keyword before path.
L11:19 Forward slash '/' found where identifier or binding expected.
L11:20 mismatched input '$' expecting {'{', '/', PATH_SEGMENT}
L11:31 Missing 'match' keyword before path.
L11:50 mismatched input '?' expecting {'{', '/', PATH_SEGMENT}
L47:1 Unexpected '}'.
May 19, 2025 9:57:56 PM io.gapi.emulators.netty.HttpVersionRoutingHandler channelRead
INFO: Detected non-HTTP/2 connection.
May 19, 2025 9:57:56 PM com.google.cloud.datastore.emulator.impl.util.WrappedStreamObserver onError
WARNING: Operation failed: Error compiling rules:
L8:68 Unexpected '='.
L8:68 mismatched input '=' expecting {'&&', ':', '.', '==', '>', '>=', '[', '<', '<=', '-', '%', '!=', '||', '+', '/', '*', '?', 'in', 'is'}
L10:7 mismatched input 'let' expecting {'&&', ':', '.', '==', '>', '>=', '[', '<', '<=', '-', '%', '!=', '||', '+', '/', '*', '?', 'in', 'is'}
L11:9 Missing 'match' keyword before path.
L11:19 Forward slash '/' found where identifier or binding expected.
L11:20 mismatched input '$' expecting {'{', '/', PATH_SEGMENT}
L11:31 Missing 'match' keyword before path.
L11:50 mismatched input '?' expecting {'{', '/', PATH_SEGMENT}
L47:1 Unexpected '}'.
com.google.cloud.datastore.core.exception.DatastoreException: Error compiling rules:
L8:68 Unexpected '='.
L8:68 mismatched input '=' expecting {'&&', ':', '.', '==', '>', '>=', '[', '<', '<=', '-', '%', '!=', '||', '+', '/', '*', '?', 'in', 'is'}
L10:7 mismatched input 'let' expecting {'&&', ':', '.', '==', '>', '>=', '[', '<', '<=', '-', '%', '!=', '||', '+', '/', '*', '?', 'in', 'is'}
L11:9 Missing 'match' keyword before path.
L11:19 Forward slash '/' found where identifier or binding expected.
L11:20 mismatched input '$' expecting {'{', '/', PATH_SEGMENT}
L11:31 Missing 'match' keyword before path.
L11:50 mismatched input '?' expecting {'{', '/', PATH_SEGMENT}
L47:1 Unexpected '}'.
	at com.google.cloud.datastore.emulator.impl.rules.EmulatorRulesCompiler$CompilerException.asDatastoreException(EmulatorRulesCompiler.java:120)
	at com.google.cloud.datastore.emulator.impl.rules.EmulatorRulesCompiler$EmulatorCompilationResult.checkCompilationSucceeded(EmulatorRulesCompiler.java:79)
	at com.google.cloud.datastore.emulator.impl.rules.EmulatorRulesCompiler$EmulatorCompilationResult.getAuthorizer(EmulatorRulesCompiler.java:72)
	at com.google.cloud.datastore.emulator.impl.firestore.CloudFirestoreV1.listCollectionIds(CloudFirestoreV1.java:766)
	at com.google.cloud.datastore.emulator.impl.firestore.CloudFirestoreV1Router.listCollectionIds(CloudFirestoreV1Router.java:231)
	at com.google.cloud.datastore.emulator.firestore.v1.FirestoreV1GrpcAdapter$1.lambda$listCollectionIds$13(FirestoreV1GrpcAdapter.java:210)
	at com.google.cloud.datastore.emulator.firestore.v1.FirestoreV1GrpcAdapter.unary(FirestoreV1GrpcAdapter.java:72)
	at com.google.cloud.datastore.emulator.firestore.v1.FirestoreV1GrpcAdapter$1.listCollectionIds(FirestoreV1GrpcAdapter.java:210)
	at com.google.firestore.v1.FirestoreGrpc$MethodHandlers.invoke(FirestoreGrpc.java:1258)
	at io.grpc.stub.ServerCalls$UnaryServerCallHandler$UnaryServerCallListener.onHalfClose(ServerCalls.java:182)
	at io.grpc.PartialForwardingServerCallListener.onHalfClose(PartialForwardingServerCallListener.java:35)
	at io.grpc.ForwardingServerCallListener.onHalfClose(ForwardingServerCallListener.java:23)
	at io.grpc.ForwardingServerCallListener$SimpleForwardingServerCallListener.onHalfClose(ForwardingServerCallListener.java:40)
	at io.grpc.Contexts$ContextualizedServerCallListener.onHalfClose(Contexts.java:86)
	at io.grpc.PartialForwardingServerCallListener.onHalfClose(PartialForwardingServerCallListener.java:35)
	at io.grpc.ForwardingServerCallListener.onHalfClose(ForwardingServerCallListener.java:23)
	at io.grpc.ForwardingServerCallListener$SimpleForwardingServerCallListener.onHalfClose(ForwardingServerCallListener.java:40)
	at io.grpc.Contexts$ContextualizedServerCallListener.onHalfClose(Contexts.java:86)
	at io.grpc.internal.ServerCallImpl$ServerStreamListenerImpl.halfClosed(ServerCallImpl.java:356)
	at io.grpc.internal.ServerImpl$JumpToApplicationThreadServerStreamListener$1HalfClosed.runInContext(ServerImpl.java:861)
	at io.grpc.internal.ContextRunnable.run(ContextRunnable.java:37)
	at io.grpc.internal.SerializingExecutor.run(SerializingExecutor.java:133)
	at java.base/java.util.concurrent.ThreadPoolExecutor.runWorker(ThreadPoolExecutor.java:1136)
	at java.base/java.util.concurrent.ThreadPoolExecutor$Worker.run(ThreadPoolExecutor.java:635)
	at java.base/java.lang.Thread.run(Thread.java:840)
Caused by: com.google.cloud.datastore.emulator.impl.rules.AutoValue_EmulatorRulesCompiler_CompilerException
	at com.google.cloud.datastore.emulator.impl.rules.EmulatorRulesCompiler$CompilerException.of(EmulatorRulesCompiler.java:106)
	... 24 more

May 19, 2025 9:57:56 PM io.gapi.emulators.netty.HttpHandler$1 onError
INFO: Exception when handling request: INVALID_ARGUMENT: Error compiling rules:
L8:68 Unexpected '='.
L8:68 mismatched input '=' expecting {'&&', ':', '.', '==', '>', '>=', '[', '<', '<=', '-', '%', '!=', '||', '+', '/', '*', '?', 'in', 'is'}
L10:7 mismatched input 'let' expecting {'&&', ':', '.', '==', '>', '>=', '[', '<', '<=', '-', '%', '!=', '||', '+', '/', '*', '?', 'in', 'is'}
L11:9 Missing 'match' keyword before path.
L11:19 Forward slash '/' found where identifier or binding expected.
L11:20 mismatched input '$' expecting {'{', '/', PATH_SEGMENT}
L11:31 Missing 'match' keyword before path.
L11:50 mismatched input '?' expecting {'{', '/', PATH_SEGMENT}
L47:1 Unexpected '}'.
May 19, 2025 9:58:06 PM com.google.cloud.datastore.emulator.impl.util.WrappedStreamObserver onError
WARNING: Operation failed: Error compiling rules:
L8:68 Unexpected '='.
L8:68 mismatched input '=' expecting {'&&', ':', '.', '==', '>', '>=', '[', '<', '<=', '-', '%', '!=', '||', '+', '/', '*', '?', 'in', 'is'}
L10:7 mismatched input 'let' expecting {'&&', ':', '.', '==', '>', '>=', '[', '<', '<=', '-', '%', '!=', '||', '+', '/', '*', '?', 'in', 'is'}
L11:9 Missing 'match' keyword before path.
L11:19 Forward slash '/' found where identifier or binding expected.
L11:20 mismatched input '$' expecting {'{', '/', PATH_SEGMENT}
L11:31 Missing 'match' keyword before path.
L11:50 mismatched input '?' expecting {'{', '/', PATH_SEGMENT}
L47:1 Unexpected '}'.
com.google.cloud.datastore.core.exception.DatastoreException: Error compiling rules:
L8:68 Unexpected '='.
L8:68 mismatched input '=' expecting {'&&', ':', '.', '==', '>', '>=', '[', '<', '<=', '-', '%', '!=', '||', '+', '/', '*', '?', 'in', 'is'}
L10:7 mismatched input 'let' expecting {'&&', ':', '.', '==', '>', '>=', '[', '<', '<=', '-', '%', '!=', '||', '+', '/', '*', '?', 'in', 'is'}
L11:9 Missing 'match' keyword before path.
L11:19 Forward slash '/' found where identifier or binding expected.
L11:20 mismatched input '$' expecting {'{', '/', PATH_SEGMENT}
L11:31 Missing 'match' keyword before path.
L11:50 mismatched input '?' expecting {'{', '/', PATH_SEGMENT}
L47:1 Unexpected '}'.
	at com.google.cloud.datastore.emulator.impl.rules.EmulatorRulesCompiler$CompilerException.asDatastoreException(EmulatorRulesCompiler.java:120)
	at com.google.cloud.datastore.emulator.impl.rules.EmulatorRulesCompiler$EmulatorCompilationResult.checkCompilationSucceeded(EmulatorRulesCompiler.java:79)
	at com.google.cloud.datastore.emulator.impl.rules.EmulatorRulesCompiler$EmulatorCompilationResult.getAuthorizer(EmulatorRulesCompiler.java:72)
	at com.google.cloud.datastore.emulator.impl.firestore.CloudFirestoreV1.listCollectionIds(CloudFirestoreV1.java:766)
	at com.google.cloud.datastore.emulator.impl.firestore.CloudFirestoreV1Router.listCollectionIds(CloudFirestoreV1Router.java:231)
	at com.google.cloud.datastore.emulator.firestore.v1.FirestoreV1GrpcAdapter$1.lambda$listCollectionIds$13(FirestoreV1GrpcAdapter.java:210)
	at com.google.cloud.datastore.emulator.firestore.v1.FirestoreV1GrpcAdapter.unary(FirestoreV1GrpcAdapter.java:72)
	at com.google.cloud.datastore.emulator.firestore.v1.FirestoreV1GrpcAdapter$1.listCollectionIds(FirestoreV1GrpcAdapter.java:210)
	at com.google.firestore.v1.FirestoreGrpc$MethodHandlers.invoke(FirestoreGrpc.java:1258)
	at io.grpc.stub.ServerCalls$UnaryServerCallHandler$UnaryServerCallListener.onHalfClose(ServerCalls.java:182)
	at io.grpc.PartialForwardingServerCallListener.onHalfClose(PartialForwardingServerCallListener.java:35)
	at io.grpc.ForwardingServerCallListener.onHalfClose(ForwardingServerCallListener.java:23)
	at io.grpc.ForwardingServerCallListener$SimpleForwardingServerCallListener.onHalfClose(ForwardingServerCallListener.java:40)
	at io.grpc.Contexts$ContextualizedServerCallListener.onHalfClose(Contexts.java:86)
	at io.grpc.PartialForwardingServerCallListener.onHalfClose(PartialForwardingServerCallListener.java:35)
	at io.grpc.ForwardingServerCallListener.onHalfClose(ForwardingServerCallListener.java:23)
	at io.grpc.ForwardingServerCallListener$SimpleForwardingServerCallListener.onHalfClose(ForwardingServerCallListener.java:40)
	at io.grpc.Contexts$ContextualizedServerCallListener.onHalfClose(Contexts.java:86)
	at io.grpc.internal.ServerCallImpl$ServerStreamListenerImpl.halfClosed(ServerCallImpl.java:356)
	at io.grpc.internal.ServerImpl$JumpToApplicationThreadServerStreamListener$1HalfClosed.runInContext(ServerImpl.java:861)
	at io.grpc.internal.ContextRunnable.run(ContextRunnable.java:37)
	at io.grpc.internal.SerializingExecutor.run(SerializingExecutor.java:133)
	at java.base/java.util.concurrent.ThreadPoolExecutor.runWorker(ThreadPoolExecutor.java:1136)
	at java.base/java.util.concurrent.ThreadPoolExecutor$Worker.run(ThreadPoolExecutor.java:635)
	at java.base/java.lang.Thread.run(Thread.java:840)
Caused by: com.google.cloud.datastore.emulator.impl.rules.AutoValue_EmulatorRulesCompiler_CompilerException
	at com.google.cloud.datastore.emulator.impl.rules.EmulatorRulesCompiler$CompilerException.of(EmulatorRulesCompiler.java:106)
	... 24 more

May 19, 2025 9:58:06 PM io.gapi.emulators.netty.HttpHandler$1 onError
INFO: Exception when handling request: INVALID_ARGUMENT: Error compiling rules:
L8:68 Unexpected '='.
L8:68 mismatched input '=' expecting {'&&', ':', '.', '==', '>', '>=', '[', '<', '<=', '-', '%', '!=', '||', '+', '/', '*', '?', 'in', 'is'}
L10:7 mismatched input 'let' expecting {'&&', ':', '.', '==', '>', '>=', '[', '<', '<=', '-', '%', '!=', '||', '+', '/', '*', '?', 'in', 'is'}
L11:9 Missing 'match' keyword before path.
L11:19 Forward slash '/' found where identifier or binding expected.
L11:20 mismatched input '$' expecting {'{', '/', PATH_SEGMENT}
L11:31 Missing 'match' keyword before path.
L11:50 mismatched input '?' expecting {'{', '/', PATH_SEGMENT}
L47:1 Unexpected '}'.
May 19, 2025 9:58:16 PM com.google.cloud.datastore.emulator.impl.util.WrappedStreamObserver onError
WARNING: Operation failed: Error compiling rules:
L8:68 Unexpected '='.
L8:68 mismatched input '=' expecting {'&&', ':', '.', '==', '>', '>=', '[', '<', '<=', '-', '%', '!=', '||', '+', '/', '*', '?', 'in', 'is'}
L10:7 mismatched input 'let' expecting {'&&', ':', '.', '==', '>', '>=', '[', '<', '<=', '-', '%', '!=', '||', '+', '/', '*', '?', 'in', 'is'}
L11:9 Missing 'match' keyword before path.
L11:19 Forward slash '/' found where identifier or binding expected.
L11:20 mismatched input '$' expecting {'{', '/', PATH_SEGMENT}
L11:31 Missing 'match' keyword before path.
L11:50 mismatched input '?' expecting {'{', '/', PATH_SEGMENT}
L47:1 Unexpected '}'.
com.google.cloud.datastore.core.exception.DatastoreException: Error compiling rules:
L8:68 Unexpected '='.
L8:68 mismatched input '=' expecting {'&&', ':', '.', '==', '>', '>=', '[', '<', '<=', '-', '%', '!=', '||', '+', '/', '*', '?', 'in', 'is'}
L10:7 mismatched input 'let' expecting {'&&', ':', '.', '==', '>', '>=', '[', '<', '<=', '-', '%', '!=', '||', '+', '/', '*', '?', 'in', 'is'}
L11:9 Missing 'match' keyword before path.
L11:19 Forward slash '/' found where identifier or binding expected.
L11:20 mismatched input '$' expecting {'{', '/', PATH_SEGMENT}
L11:31 Missing 'match' keyword before path.
L11:50 mismatched input '?' expecting {'{', '/', PATH_SEGMENT}
L47:1 Unexpected '}'.
	at com.google.cloud.datastore.emulator.impl.rules.EmulatorRulesCompiler$CompilerException.asDatastoreException(EmulatorRulesCompiler.java:120)
	at com.google.cloud.datastore.emulator.impl.rules.EmulatorRulesCompiler$EmulatorCompilationResult.checkCompilationSucceeded(EmulatorRulesCompiler.java:79)
	at com.google.cloud.datastore.emulator.impl.rules.EmulatorRulesCompiler$EmulatorCompilationResult.getAuthorizer(EmulatorRulesCompiler.java:72)
	at com.google.cloud.datastore.emulator.impl.firestore.CloudFirestoreV1.listCollectionIds(CloudFirestoreV1.java:766)
	at com.google.cloud.datastore.emulator.impl.firestore.CloudFirestoreV1Router.listCollectionIds(CloudFirestoreV1Router.java:231)
	at com.google.cloud.datastore.emulator.firestore.v1.FirestoreV1GrpcAdapter$1.lambda$listCollectionIds$13(FirestoreV1GrpcAdapter.java:210)
	at com.google.cloud.datastore.emulator.firestore.v1.FirestoreV1GrpcAdapter.unary(FirestoreV1GrpcAdapter.java:72)
	at com.google.cloud.datastore.emulator.firestore.v1.FirestoreV1GrpcAdapter$1.listCollectionIds(FirestoreV1GrpcAdapter.java:210)
	at com.google.firestore.v1.FirestoreGrpc$MethodHandlers.invoke(FirestoreGrpc.java:1258)
	at io.grpc.stub.ServerCalls$UnaryServerCallHandler$UnaryServerCallListener.onHalfClose(ServerCalls.java:182)
	at io.grpc.PartialForwardingServerCallListener.onHalfClose(PartialForwardingServerCallListener.java:35)
	at io.grpc.ForwardingServerCallListener.onHalfClose(ForwardingServerCallListener.java:23)
	at io.grpc.ForwardingServerCallListener$SimpleForwardingServerCallListener.onHalfClose(ForwardingServerCallListener.java:40)
	at io.grpc.Contexts$ContextualizedServerCallListener.onHalfClose(Contexts.java:86)
	at io.grpc.PartialForwardingServerCallListener.onHalfClose(PartialForwardingServerCallListener.java:35)
	at io.grpc.ForwardingServerCallListener.onHalfClose(ForwardingServerCallListener.java:23)
	at io.grpc.ForwardingServerCallListener$SimpleForwardingServerCallListener.onHalfClose(ForwardingServerCallListener.java:40)
	at io.grpc.Contexts$ContextualizedServerCallListener.onHalfClose(Contexts.java:86)
	at io.grpc.internal.ServerCallImpl$ServerStreamListenerImpl.halfClosed(ServerCallImpl.java:356)
	at io.grpc.internal.ServerImpl$JumpToApplicationThreadServerStreamListener$1HalfClosed.runInContext(ServerImpl.java:861)
	at io.grpc.internal.ContextRunnable.run(ContextRunnable.java:37)
	at io.grpc.internal.SerializingExecutor.run(SerializingExecutor.java:133)
	at java.base/java.util.concurrent.ThreadPoolExecutor.runWorker(ThreadPoolExecutor.java:1136)
	at java.base/java.util.concurrent.ThreadPoolExecutor$Worker.run(ThreadPoolExecutor.java:635)
	at java.base/java.lang.Thread.run(Thread.java:840)
Caused by: com.google.cloud.datastore.emulator.impl.rules.AutoValue_EmulatorRulesCompiler_CompilerException
	at com.google.cloud.datastore.emulator.impl.rules.EmulatorRulesCompiler$CompilerException.of(EmulatorRulesCompiler.java:106)
	... 24 more

May 19, 2025 9:58:16 PM io.gapi.emulators.netty.HttpHandler$1 onError
INFO: Exception when handling request: INVALID_ARGUMENT: Error compiling rules:
L8:68 Unexpected '='.
L8:68 mismatched input '=' expecting {'&&', ':', '.', '==', '>', '>=', '[', '<', '<=', '-', '%', '!=', '||', '+', '/', '*', '?', 'in', 'is'}
L10:7 mismatched input 'let' expecting {'&&', ':', '.', '==', '>', '>=', '[', '<', '<=', '-', '%', '!=', '||', '+', '/', '*', '?', 'in', 'is'}
L11:9 Missing 'match' keyword before path.
L11:19 Forward slash '/' found where identifier or binding expected.
L11:20 mismatched input '$' expecting {'{', '/', PATH_SEGMENT}
L11:31 Missing 'match' keyword before path.
L11:50 mismatched input '?' expecting {'{', '/', PATH_SEGMENT}
L47:1 Unexpected '}'.
May 19, 2025 9:58:21 PM com.google.cloud.datastore.emulator.impl.util.WrappedStreamObserver onError
WARNING: Operation failed: Error compiling rules:
L8:68 Unexpected '='.
L8:68 mismatched input '=' expecting {'&&', ':', '.', '==', '>', '>=', '[', '<', '<=', '-', '%', '!=', '||', '+', '/', '*', '?', 'in', 'is'}
L10:7 mismatched input 'let' expecting {'&&', ':', '.', '==', '>', '>=', '[', '<', '<=', '-', '%', '!=', '||', '+', '/', '*', '?', 'in', 'is'}
L11:9 Missing 'match' keyword before path.
L11:19 Forward slash '/' found where identifier or binding expected.
L11:20 mismatched input '$' expecting {'{', '/', PATH_SEGMENT}
L11:31 Missing 'match' keyword before path.
L11:50 mismatched input '?' expecting {'{', '/', PATH_SEGMENT}
L47:1 Unexpected '}'.
com.google.cloud.datastore.core.exception.DatastoreException: Error compiling rules:
L8:68 Unexpected '='.
L8:68 mismatched input '=' expecting {'&&', ':', '.', '==', '>', '>=', '[', '<', '<=', '-', '%', '!=', '||', '+', '/', '*', '?', 'in', 'is'}
L10:7 mismatched input 'let' expecting {'&&', ':', '.', '==', '>', '>=', '[', '<', '<=', '-', '%', '!=', '||', '+', '/', '*', '?', 'in', 'is'}
L11:9 Missing 'match' keyword before path.
L11:19 Forward slash '/' found where identifier or binding expected.
L11:20 mismatched input '$' expecting {'{', '/', PATH_SEGMENT}
L11:31 Missing 'match' keyword before path.
L11:50 mismatched input '?' expecting {'{', '/', PATH_SEGMENT}
L47:1 Unexpected '}'.
	at com.google.cloud.datastore.emulator.impl.rules.EmulatorRulesCompiler$CompilerException.asDatastoreException(EmulatorRulesCompiler.java:120)
	at com.google.cloud.datastore.emulator.impl.rules.EmulatorRulesCompiler$EmulatorCompilationResult.checkCompilationSucceeded(EmulatorRulesCompiler.java:79)
	at com.google.cloud.datastore.emulator.impl.rules.EmulatorRulesCompiler$EmulatorCompilationResult.getAuthorizer(EmulatorRulesCompiler.java:72)
	at com.google.cloud.datastore.emulator.impl.firestore.CloudFirestoreV1.listCollectionIds(CloudFirestoreV1.java:766)
	at com.google.cloud.datastore.emulator.impl.firestore.CloudFirestoreV1Router.listCollectionIds(CloudFirestoreV1Router.java:231)
	at com.google.cloud.datastore.emulator.firestore.v1.FirestoreV1GrpcAdapter$1.lambda$listCollectionIds$13(FirestoreV1GrpcAdapter.java:210)
	at com.google.cloud.datastore.emulator.firestore.v1.FirestoreV1GrpcAdapter.unary(FirestoreV1GrpcAdapter.java:72)
	at com.google.cloud.datastore.emulator.firestore.v1.FirestoreV1GrpcAdapter$1.listCollectionIds(FirestoreV1GrpcAdapter.java:210)
	at com.google.firestore.v1.FirestoreGrpc$MethodHandlers.invoke(FirestoreGrpc.java:1258)
	at io.grpc.stub.ServerCalls$UnaryServerCallHandler$UnaryServerCallListener.onHalfClose(ServerCalls.java:182)
	at io.grpc.PartialForwardingServerCallListener.onHalfClose(PartialForwardingServerCallListener.java:35)
	at io.grpc.ForwardingServerCallListener.onHalfClose(ForwardingServerCallListener.java:23)
	at io.grpc.ForwardingServerCallListener$SimpleForwardingServerCallListener.onHalfClose(ForwardingServerCallListener.java:40)
	at io.grpc.Contexts$ContextualizedServerCallListener.onHalfClose(Contexts.java:86)
	at io.grpc.PartialForwardingServerCallListener.onHalfClose(PartialForwardingServerCallListener.java:35)
	at io.grpc.ForwardingServerCallListener.onHalfClose(ForwardingServerCallListener.java:23)
	at io.grpc.ForwardingServerCallListener$SimpleForwardingServerCallListener.onHalfClose(ForwardingServerCallListener.java:40)
	at io.grpc.Contexts$ContextualizedServerCallListener.onHalfClose(Contexts.java:86)
	at io.grpc.internal.ServerCallImpl$ServerStreamListenerImpl.halfClosed(ServerCallImpl.java:356)
	at io.grpc.internal.ServerImpl$JumpToApplicationThreadServerStreamListener$1HalfClosed.runInContext(ServerImpl.java:861)
	at io.grpc.internal.ContextRunnable.run(ContextRunnable.java:37)
	at io.grpc.internal.SerializingExecutor.run(SerializingExecutor.java:133)
	at java.base/java.util.concurrent.ThreadPoolExecutor.runWorker(ThreadPoolExecutor.java:1136)
	at java.base/java.util.concurrent.ThreadPoolExecutor$Worker.run(ThreadPoolExecutor.java:635)
	at java.base/java.lang.Thread.run(Thread.java:840)
Caused by: com.google.cloud.datastore.emulator.impl.rules.AutoValue_EmulatorRulesCompiler_CompilerException
	at com.google.cloud.datastore.emulator.impl.rules.EmulatorRulesCompiler$CompilerException.of(EmulatorRulesCompiler.java:106)
	... 24 more

May 19, 2025 9:58:21 PM io.gapi.emulators.netty.HttpHandler$1 onError
INFO: Exception when handling request: INVALID_ARGUMENT: Error compiling rules:
L8:68 Unexpected '='.
L8:68 mismatched input '=' expecting {'&&', ':', '.', '==', '>', '>=', '[', '<', '<=', '-', '%', '!=', '||', '+', '/', '*', '?', 'in', 'is'}
L10:7 mismatched input 'let' expecting {'&&', ':', '.', '==', '>', '>=', '[', '<', '<=', '-', '%', '!=', '||', '+', '/', '*', '?', 'in', 'is'}
L11:9 Missing 'match' keyword before path.
L11:19 Forward slash '/' found where identifier or binding expected.
L11:20 mismatched input '$' expecting {'{', '/', PATH_SEGMENT}
L11:31 Missing 'match' keyword before path.
L11:50 mismatched input '?' expecting {'{', '/', PATH_SEGMENT}
L47:1 Unexpected '}'.
May 19, 2025 9:58:24 PM com.google.cloud.datastore.emulator.impl.util.WrappedStreamObserver onError
WARNING: Operation failed: Error compiling rules:
L8:68 Unexpected '='.
L8:68 mismatched input '=' expecting {'&&', ':', '.', '==', '>', '>=', '[', '<', '<=', '-', '%', '!=', '||', '+', '/', '*', '?', 'in', 'is'}
L10:7 mismatched input 'let' expecting {'&&', ':', '.', '==', '>', '>=', '[', '<', '<=', '-', '%', '!=', '||', '+', '/', '*', '?', 'in', 'is'}
L11:9 Missing 'match' keyword before path.
L11:19 Forward slash '/' found where identifier or binding expected.
L11:20 mismatched input '$' expecting {'{', '/', PATH_SEGMENT}
L11:31 Missing 'match' keyword before path.
L11:50 mismatched input '?' expecting {'{', '/', PATH_SEGMENT}
L47:1 Unexpected '}'.
com.google.cloud.datastore.core.exception.DatastoreException: Error compiling rules:
L8:68 Unexpected '='.
L8:68 mismatched input '=' expecting {'&&', ':', '.', '==', '>', '>=', '[', '<', '<=', '-', '%', '!=', '||', '+', '/', '*', '?', 'in', 'is'}
L10:7 mismatched input 'let' expecting {'&&', ':', '.', '==', '>', '>=', '[', '<', '<=', '-', '%', '!=', '||', '+', '/', '*', '?', 'in', 'is'}
L11:9 Missing 'match' keyword before path.
L11:19 Forward slash '/' found where identifier or binding expected.
L11:20 mismatched input '$' expecting {'{', '/', PATH_SEGMENT}
L11:31 Missing 'match' keyword before path.
L11:50 mismatched input '?' expecting {'{', '/', PATH_SEGMENT}
L47:1 Unexpected '}'.
	at com.google.cloud.datastore.emulator.impl.rules.EmulatorRulesCompiler$CompilerException.asDatastoreException(EmulatorRulesCompiler.java:120)
	at com.google.cloud.datastore.emulator.impl.rules.EmulatorRulesCompiler$EmulatorCompilationResult.checkCompilationSucceeded(EmulatorRulesCompiler.java:79)
	at com.google.cloud.datastore.emulator.impl.rules.EmulatorRulesCompiler$EmulatorCompilationResult.getAuthorizer(EmulatorRulesCompiler.java:72)
	at com.google.cloud.datastore.emulator.impl.firestore.CloudFirestoreV1.listCollectionIds(CloudFirestoreV1.java:766)
	at com.google.cloud.datastore.emulator.impl.firestore.CloudFirestoreV1Router.listCollectionIds(CloudFirestoreV1Router.java:231)
	at com.google.cloud.datastore.emulator.firestore.v1.FirestoreV1GrpcAdapter$1.lambda$listCollectionIds$13(FirestoreV1GrpcAdapter.java:210)
	at com.google.cloud.datastore.emulator.firestore.v1.FirestoreV1GrpcAdapter.unary(FirestoreV1GrpcAdapter.java:72)
	at com.google.cloud.datastore.emulator.firestore.v1.FirestoreV1GrpcAdapter$1.listCollectionIds(FirestoreV1GrpcAdapter.java:210)
	at com.google.firestore.v1.FirestoreGrpc$MethodHandlers.invoke(FirestoreGrpc.java:1258)
	at io.grpc.stub.ServerCalls$UnaryServerCallHandler$UnaryServerCallListener.onHalfClose(ServerCalls.java:182)
	at io.grpc.PartialForwardingServerCallListener.onHalfClose(PartialForwardingServerCallListener.java:35)
	at io.grpc.ForwardingServerCallListener.onHalfClose(ForwardingServerCallListener.java:23)
	at io.grpc.ForwardingServerCallListener$SimpleForwardingServerCallListener.onHalfClose(ForwardingServerCallListener.java:40)
	at io.grpc.Contexts$ContextualizedServerCallListener.onHalfClose(Contexts.java:86)
	at io.grpc.PartialForwardingServerCallListener.onHalfClose(PartialForwardingServerCallListener.java:35)
	at io.grpc.ForwardingServerCallListener.onHalfClose(ForwardingServerCallListener.java:23)
	at io.grpc.ForwardingServerCallListener$SimpleForwardingServerCallListener.onHalfClose(ForwardingServerCallListener.java:40)
	at io.grpc.Contexts$ContextualizedServerCallListener.onHalfClose(Contexts.java:86)
	at io.grpc.internal.ServerCallImpl$ServerStreamListenerImpl.halfClosed(ServerCallImpl.java:356)
	at io.grpc.internal.ServerImpl$JumpToApplicationThreadServerStreamListener$1HalfClosed.runInContext(ServerImpl.java:861)
	at io.grpc.internal.ContextRunnable.run(ContextRunnable.java:37)
	at io.grpc.internal.SerializingExecutor.run(SerializingExecutor.java:133)
	at java.base/java.util.concurrent.ThreadPoolExecutor.runWorker(ThreadPoolExecutor.java:1136)
	at java.base/java.util.concurrent.ThreadPoolExecutor$Worker.run(ThreadPoolExecutor.java:635)
	at java.base/java.lang.Thread.run(Thread.java:840)
Caused by: com.google.cloud.datastore.emulator.impl.rules.AutoValue_EmulatorRulesCompiler_CompilerException
	at com.google.cloud.datastore.emulator.impl.rules.EmulatorRulesCompiler$CompilerException.of(EmulatorRulesCompiler.java:106)
	... 24 more

May 19, 2025 9:58:24 PM io.gapi.emulators.netty.HttpHandler$1 onError
INFO: Exception when handling request: INVALID_ARGUMENT: Error compiling rules:
L8:68 Unexpected '='.
L8:68 mismatched input '=' expecting {'&&', ':', '.', '==', '>', '>=', '[', '<', '<=', '-', '%', '!=', '||', '+', '/', '*', '?', 'in', 'is'}
L10:7 mismatched input 'let' expecting {'&&', ':', '.', '==', '>', '>=', '[', '<', '<=', '-', '%', '!=', '||', '+', '/', '*', '?', 'in', 'is'}
L11:9 Missing 'match' keyword before path.
L11:19 Forward slash '/' found where identifier or binding expected.
L11:20 mismatched input '$' expecting {'{', '/', PATH_SEGMENT}
L11:31 Missing 'match' keyword before path.
L11:50 mismatched input '?' expecting {'{', '/', PATH_SEGMENT}
L47:1 Unexpected '}'.
May 19, 2025 9:58:34 PM com.google.cloud.datastore.emulator.impl.util.WrappedStreamObserver onError
WARNING: Operation failed: Error compiling rules:
L8:68 Unexpected '='.
L8:68 mismatched input '=' expecting {'&&', ':', '.', '==', '>', '>=', '[', '<', '<=', '-', '%', '!=', '||', '+', '/', '*', '?', 'in', 'is'}
L10:7 mismatched input 'let' expecting {'&&', ':', '.', '==', '>', '>=', '[', '<', '<=', '-', '%', '!=', '||', '+', '/', '*', '?', 'in', 'is'}
L11:9 Missing 'match' keyword before path.
L11:19 Forward slash '/' found where identifier or binding expected.
L11:20 mismatched input '$' expecting {'{', '/', PATH_SEGMENT}
L11:31 Missing 'match' keyword before path.
L11:50 mismatched input '?' expecting {'{', '/', PATH_SEGMENT}
L47:1 Unexpected '}'.
com.google.cloud.datastore.core.exception.DatastoreException: Error compiling rules:
L8:68 Unexpected '='.
L8:68 mismatched input '=' expecting {'&&', ':', '.', '==', '>', '>=', '[', '<', '<=', '-', '%', '!=', '||', '+', '/', '*', '?', 'in', 'is'}
L10:7 mismatched input 'let' expecting {'&&', ':', '.', '==', '>', '>=', '[', '<', '<=', '-', '%', '!=', '||', '+', '/', '*', '?', 'in', 'is'}
L11:9 Missing 'match' keyword before path.
L11:19 Forward slash '/' found where identifier or binding expected.
L11:20 mismatched input '$' expecting {'{', '/', PATH_SEGMENT}
L11:31 Missing 'match' keyword before path.
L11:50 mismatched input '?' expecting {'{', '/', PATH_SEGMENT}
L47:1 Unexpected '}'.
	at com.google.cloud.datastore.emulator.impl.rules.EmulatorRulesCompiler$CompilerException.asDatastoreException(EmulatorRulesCompiler.java:120)
	at com.google.cloud.datastore.emulator.impl.rules.EmulatorRulesCompiler$EmulatorCompilationResult.checkCompilationSucceeded(EmulatorRulesCompiler.java:79)
	at com.google.cloud.datastore.emulator.impl.rules.EmulatorRulesCompiler$EmulatorCompilationResult.getAuthorizer(EmulatorRulesCompiler.java:72)
	at com.google.cloud.datastore.emulator.impl.firestore.CloudFirestoreV1.listCollectionIds(CloudFirestoreV1.java:766)
	at com.google.cloud.datastore.emulator.impl.firestore.CloudFirestoreV1Router.listCollectionIds(CloudFirestoreV1Router.java:231)
	at com.google.cloud.datastore.emulator.firestore.v1.FirestoreV1GrpcAdapter$1.lambda$listCollectionIds$13(FirestoreV1GrpcAdapter.java:210)
	at com.google.cloud.datastore.emulator.firestore.v1.FirestoreV1GrpcAdapter.unary(FirestoreV1GrpcAdapter.java:72)
	at com.google.cloud.datastore.emulator.firestore.v1.FirestoreV1GrpcAdapter$1.listCollectionIds(FirestoreV1GrpcAdapter.java:210)
	at com.google.firestore.v1.FirestoreGrpc$MethodHandlers.invoke(FirestoreGrpc.java:1258)
	at io.grpc.stub.ServerCalls$UnaryServerCallHandler$UnaryServerCallListener.onHalfClose(ServerCalls.java:182)
	at io.grpc.PartialForwardingServerCallListener.onHalfClose(PartialForwardingServerCallListener.java:35)
	at io.grpc.ForwardingServerCallListener.onHalfClose(ForwardingServerCallListener.java:23)
	at io.grpc.ForwardingServerCallListener$SimpleForwardingServerCallListener.onHalfClose(ForwardingServerCallListener.java:40)
	at io.grpc.Contexts$ContextualizedServerCallListener.onHalfClose(Contexts.java:86)
	at io.grpc.PartialForwardingServerCallListener.onHalfClose(PartialForwardingServerCallListener.java:35)
	at io.grpc.ForwardingServerCallListener.onHalfClose(ForwardingServerCallListener.java:23)
	at io.grpc.ForwardingServerCallListener$SimpleForwardingServerCallListener.onHalfClose(ForwardingServerCallListener.java:40)
	at io.grpc.Contexts$ContextualizedServerCallListener.onHalfClose(Contexts.java:86)
	at io.grpc.internal.ServerCallImpl$ServerStreamListenerImpl.halfClosed(ServerCallImpl.java:356)
	at io.grpc.internal.ServerImpl$JumpToApplicationThreadServerStreamListener$1HalfClosed.runInContext(ServerImpl.java:861)
	at io.grpc.internal.ContextRunnable.run(ContextRunnable.java:37)
	at io.grpc.internal.SerializingExecutor.run(SerializingExecutor.java:133)
	at java.base/java.util.concurrent.ThreadPoolExecutor.runWorker(ThreadPoolExecutor.java:1136)
	at java.base/java.util.concurrent.ThreadPoolExecutor$Worker.run(ThreadPoolExecutor.java:635)
	at java.base/java.lang.Thread.run(Thread.java:840)
Caused by: com.google.cloud.datastore.emulator.impl.rules.AutoValue_EmulatorRulesCompiler_CompilerException
	at com.google.cloud.datastore.emulator.impl.rules.EmulatorRulesCompiler$CompilerException.of(EmulatorRulesCompiler.java:106)
	... 24 more

May 19, 2025 9:58:34 PM io.gapi.emulators.netty.HttpHandler$1 onError
INFO: Exception when handling request: INVALID_ARGUMENT: Error compiling rules:
L8:68 Unexpected '='.
L8:68 mismatched input '=' expecting {'&&', ':', '.', '==', '>', '>=', '[', '<', '<=', '-', '%', '!=', '||', '+', '/', '*', '?', 'in', 'is'}
L10:7 mismatched input 'let' expecting {'&&', ':', '.', '==', '>', '>=', '[', '<', '<=', '-', '%', '!=', '||', '+', '/', '*', '?', 'in', 'is'}
L11:9 Missing 'match' keyword before path.
L11:19 Forward slash '/' found where identifier or binding expected.
L11:20 mismatched input '$' expecting {'{', '/', PATH_SEGMENT}
L11:31 Missing 'match' keyword before path.
L11:50 mismatched input '?' expecting {'{', '/', PATH_SEGMENT}
L47:1 Unexpected '}'.
May 19, 2025 9:58:44 PM com.google.cloud.datastore.emulator.impl.util.WrappedStreamObserver onError
WARNING: Operation failed: Error compiling rules:
L8:68 Unexpected '='.
L8:68 mismatched input '=' expecting {'&&', ':', '.', '==', '>', '>=', '[', '<', '<=', '-', '%', '!=', '||', '+', '/', '*', '?', 'in', 'is'}
L10:7 mismatched input 'let' expecting {'&&', ':', '.', '==', '>', '>=', '[', '<', '<=', '-', '%', '!=', '||', '+', '/', '*', '?', 'in', 'is'}
L11:9 Missing 'match' keyword before path.
L11:19 Forward slash '/' found where identifier or binding expected.
L11:20 mismatched input '$' expecting {'{', '/', PATH_SEGMENT}
L11:31 Missing 'match' keyword before path.
L11:50 mismatched input '?' expecting {'{', '/', PATH_SEGMENT}
L47:1 Unexpected '}'.
com.google.cloud.datastore.core.exception.DatastoreException: Error compiling rules:
L8:68 Unexpected '='.
L8:68 mismatched input '=' expecting {'&&', ':', '.', '==', '>', '>=', '[', '<', '<=', '-', '%', '!=', '||', '+', '/', '*', '?', 'in', 'is'}
L10:7 mismatched input 'let' expecting {'&&', ':', '.', '==', '>', '>=', '[', '<', '<=', '-', '%', '!=', '||', '+', '/', '*', '?', 'in', 'is'}
L11:9 Missing 'match' keyword before path.
L11:19 Forward slash '/' found where identifier or binding expected.
L11:20 mismatched input '$' expecting {'{', '/', PATH_SEGMENT}
L11:31 Missing 'match' keyword before path.
L11:50 mismatched input '?' expecting {'{', '/', PATH_SEGMENT}
L47:1 Unexpected '}'.
	at com.google.cloud.datastore.emulator.impl.rules.EmulatorRulesCompiler$CompilerException.asDatastoreException(EmulatorRulesCompiler.java:120)
	at com.google.cloud.datastore.emulator.impl.rules.EmulatorRulesCompiler$EmulatorCompilationResult.checkCompilationSucceeded(EmulatorRulesCompiler.java:79)
	at com.google.cloud.datastore.emulator.impl.rules.EmulatorRulesCompiler$EmulatorCompilationResult.getAuthorizer(EmulatorRulesCompiler.java:72)
	at com.google.cloud.datastore.emulator.impl.firestore.CloudFirestoreV1.listCollectionIds(CloudFirestoreV1.java:766)
	at com.google.cloud.datastore.emulator.impl.firestore.CloudFirestoreV1Router.listCollectionIds(CloudFirestoreV1Router.java:231)
	at com.google.cloud.datastore.emulator.firestore.v1.FirestoreV1GrpcAdapter$1.lambda$listCollectionIds$13(FirestoreV1GrpcAdapter.java:210)
	at com.google.cloud.datastore.emulator.firestore.v1.FirestoreV1GrpcAdapter.unary(FirestoreV1GrpcAdapter.java:72)
	at com.google.cloud.datastore.emulator.firestore.v1.FirestoreV1GrpcAdapter$1.listCollectionIds(FirestoreV1GrpcAdapter.java:210)
	at com.google.firestore.v1.FirestoreGrpc$MethodHandlers.invoke(FirestoreGrpc.java:1258)
	at io.grpc.stub.ServerCalls$UnaryServerCallHandler$UnaryServerCallListener.onHalfClose(ServerCalls.java:182)
	at io.grpc.PartialForwardingServerCallListener.onHalfClose(PartialForwardingServerCallListener.java:35)
	at io.grpc.ForwardingServerCallListener.onHalfClose(ForwardingServerCallListener.java:23)
	at io.grpc.ForwardingServerCallListener$SimpleForwardingServerCallListener.onHalfClose(ForwardingServerCallListener.java:40)
	at io.grpc.Contexts$ContextualizedServerCallListener.onHalfClose(Contexts.java:86)
	at io.grpc.PartialForwardingServerCallListener.onHalfClose(PartialForwardingServerCallListener.java:35)
	at io.grpc.ForwardingServerCallListener.onHalfClose(ForwardingServerCallListener.java:23)
	at io.grpc.ForwardingServerCallListener$SimpleForwardingServerCallListener.onHalfClose(ForwardingServerCallListener.java:40)
	at io.grpc.Contexts$ContextualizedServerCallListener.onHalfClose(Contexts.java:86)
	at io.grpc.internal.ServerCallImpl$ServerStreamListenerImpl.halfClosed(ServerCallImpl.java:356)
	at io.grpc.internal.ServerImpl$JumpToApplicationThreadServerStreamListener$1HalfClosed.runInContext(ServerImpl.java:861)
	at io.grpc.internal.ContextRunnable.run(ContextRunnable.java:37)
	at io.grpc.internal.SerializingExecutor.run(SerializingExecutor.java:133)
	at java.base/java.util.concurrent.ThreadPoolExecutor.runWorker(ThreadPoolExecutor.java:1136)
	at java.base/java.util.concurrent.ThreadPoolExecutor$Worker.run(ThreadPoolExecutor.java:635)
	at java.base/java.lang.Thread.run(Thread.java:840)
Caused by: com.google.cloud.datastore.emulator.impl.rules.AutoValue_EmulatorRulesCompiler_CompilerException
	at com.google.cloud.datastore.emulator.impl.rules.EmulatorRulesCompiler$CompilerException.of(EmulatorRulesCompiler.java:106)
	... 24 more

May 19, 2025 9:58:44 PM io.gapi.emulators.netty.HttpHandler$1 onError
INFO: Exception when handling request: INVALID_ARGUMENT: Error compiling rules:
L8:68 Unexpected '='.
L8:68 mismatched input '=' expecting {'&&', ':', '.', '==', '>', '>=', '[', '<', '<=', '-', '%', '!=', '||', '+', '/', '*', '?', 'in', 'is'}
L10:7 mismatched input 'let' expecting {'&&', ':', '.', '==', '>', '>=', '[', '<', '<=', '-', '%', '!=', '||', '+', '/', '*', '?', 'in', 'is'}
L11:9 Missing 'match' keyword before path.
L11:19 Forward slash '/' found where identifier or binding expected.
L11:20 mismatched input '$' expecting {'{', '/', PATH_SEGMENT}
L11:31 Missing 'match' keyword before path.
L11:50 mismatched input '?' expecting {'{', '/', PATH_SEGMENT}
L47:1 Unexpected '}'.
